<?xml version="1.0" encoding="UTF-8"?>
<!-- Generated by org.testng.reporters.JUnitReportReporter -->
<testsuite hostname="DESKTOP-UL1EAE3" failures="0" tests="1" name="com.ShoppersStack_Rushi_Test_Scripts.TC_003_Verify_user_is_able_to_PlaceAnOrder_or_notTest" time="40.414" errors="0" timestamp="2024-11-19T11:18:32 IST" skipped="0">
  <testcase classname="com.ShoppersStack_Rushi_Test_Scripts.TC_003_Verify_user_is_able_to_PlaceAnOrder_or_notTest" name="placeAnOrder" time="40.414"/>
</testsuite> <!-- com.ShoppersStack_Rushi_Test_Scripts.TC_003_Verify_user_is_able_to_PlaceAnOrder_or_notTest -->
