<?xml version="1.0" encoding="UTF-8"?>
<!-- Generated by org.testng.reporters.JUnitReportReporter -->
<testsuite hostname="DESKTOP-UL1EAE3" failures="0" tests="1" name="com.ShoppersStack_Rushi_Test_Scripts.TC_001_Verify_user_is_able_to_addAddress_or_notTest" time="15.020" errors="0" timestamp="2024-11-18T09:31:37 IST" skipped="0">
  <testcase classname="com.ShoppersStack_Rushi_Test_Scripts.TC_001_Verify_user_is_able_to_addAddress_or_notTest" name="addAddress" time="15.020"/>
</testsuite> <!-- com.ShoppersStack_Rushi_Test_Scripts.TC_001_Verify_user_is_able_to_addAddress_or_notTest -->
