<?xml version="1.0" encoding="UTF-8"?>
<!-- Generated by org.testng.reporters.JUnitReportReporter -->
<testsuite hostname="DESKTOP-UL1EAE3" failures="0" tests="1" name="com.ShoppersStack_Rushi_Test_Scripts.TC_001_Verify_user_is_able_to_addAddress_or_not" time="16.486" errors="0" timestamp="2024-11-16T08:35:57 IST" skipped="0">
  <testcase classname="com.ShoppersStack_Rushi_Test_Scripts.TC_001_Verify_user_is_able_to_addAddress_or_not" name="addAddress" time="16.486"/>
</testsuite> <!-- com.ShoppersStack_Rushi_Test_Scripts.TC_001_Verify_user_is_able_to_addAddress_or_not -->
