<?xml version="1.0" encoding="UTF-8"?>
<!-- Generated by org.testng.reporters.JUnitReportReporter -->
<testsuite hostname="DESKTOP-UL1EAE3" failures="0" tests="1" name="com.ShoppersStack_Rushi_Test_Scripts.TC_002_Verify_user_is_able_to_deleteAddress_or_not" time="18.479" errors="0" timestamp="2024-11-16T09:07:39 IST" skipped="0">
  <testcase classname="com.ShoppersStack_Rushi_Test_Scripts.TC_002_Verify_user_is_able_to_deleteAddress_or_not" name="deleteAddress" time="18.479"/>
</testsuite> <!-- com.ShoppersStack_Rushi_Test_Scripts.TC_002_Verify_user_is_able_to_deleteAddress_or_not -->
